<?xml version="1.0" encoding="UTF-8"?>
<robot generator="Robot 7.0 (Python 3.11.4 on win32)" generated="2024-07-22T09:50:32.437113" rpa="false" schemaversion="5">
<suite id="s1" name="Testcase5" source="C:\Users\RAHUL\PycharmProjects\Testproject\test\Testcase5.robot">
<test id="s1-t1" name="login with rahulshettyacademy and the ${password}" line="15">
<kw name="open the browser and launch the google website" owner="resource" type="SETUP">
<kw name="Create Webdriver" owner="SeleniumLibrary">
<msg time="2024-07-22T09:50:32.887218" level="INFO">Creating an instance of the Chrome WebDriver.</msg>
<arg>Chrome</arg>
<doc>Creates an instance of Selenium WebDriver.</doc>
<status status="PASS" start="2024-07-22T09:50:32.887218" elapsed="8.922537"/>
</kw>
<kw name="Go To" owner="SeleniumLibrary">
<msg time="2024-07-22T09:50:41.810752" level="INFO">Opening url 'https://rahulshettyacademy.com/loginpagePractise/'</msg>
<arg>https://rahulshettyacademy.com/loginpagePractise/</arg>
<doc>Navigates the current browser window to the provided ``url``.</doc>
<status status="PASS" start="2024-07-22T09:50:41.809755" elapsed="3.940892"/>
</kw>
<status status="PASS" start="2024-07-22T09:50:32.885220" elapsed="12.865427"/>
</kw>
<kw name="abc">
<msg time="2024-07-22T09:50:45.754645" level="FAIL">No keyword with name 'abc' found.</msg>
<arg>1234</arg>
<status status="FAIL" start="2024-07-22T09:50:45.754645" elapsed="0.000000">No keyword with name 'abc' found.</status>
</kw>
<kw name="Close Browser" owner="SeleniumLibrary" type="TEARDOWN">
<doc>Closes the current browser.</doc>
<status status="PASS" start="2024-07-22T09:50:45.755626" elapsed="2.377017"/>
</kw>
<status status="FAIL" start="2024-07-22T09:50:32.884220" elapsed="15.249411">No keyword with name 'abc' found.</status>
</test>
<doc>Validating the unsuccessful login</doc>
<status status="FAIL" start="2024-07-22T09:50:32.439113" elapsed="15.701136"/>
</suite>
<statistics>
<total>
<stat pass="0" fail="1" skip="0">All Tests</stat>
</total>
<tag>
</tag>
<suite>
<stat pass="0" fail="1" skip="0" id="s1" name="Testcase5">Testcase5</stat>
</suite>
</statistics>
<errors>
</errors>
</robot>
